[Sun, 08 Apr 18 11:41:48 +0700][ERROR] [5]: Action 'authen' was not found on handler 'authen'

[Sun, 08 Apr 18 11:41:49 +0700][ERROR] [5]: Action 'authen' was not found on handler 'authen'

[Sun, 08 Apr 18 11:41:50 +0700][ERROR] [5]: Action 'authen' was not found on handler 'authen'

[Sun, 08 Apr 18 11:41:51 +0700][ERROR] [5]: Action 'authen' was not found on handler 'authen'

[Sun, 08 Apr 18 11:41:52 +0700][ERROR] [5]: Action 'authen' was not found on handler 'authen'

[Sun, 08 Apr 18 11:41:52 +0700][ERROR] [5]: Action 'authen' was not found on handler 'authen'

[Sun, 08 Apr 18 11:41:52 +0700][ERROR] [5]: Action 'authen' was not found on handler 'authen'

[Sun, 08 Apr 18 11:41:53 +0700][ERROR] [5]: Action 'authen' was not found on handler 'authen'

[Sun, 08 Apr 18 11:41:53 +0700][ERROR] [5]: Action 'authen' was not found on handler 'authen'

[Sun, 08 Apr 18 11:41:54 +0700][ERROR] [5]: Action 'authen' was not found on handler 'authen'

[Sun, 08 Apr 18 11:41:55 +0700][ERROR] [5]: Action 'authen' was not found on handler 'authen'

[Sun, 08 Apr 18 11:41:55 +0700][ERROR] [5]: Action 'authen' was not found on handler 'authen'

[Sun, 08 Apr 18 11:41:55 +0700][ERROR] [5]: Action 'authen' was not found on handler 'authen'

[Sun, 08 Apr 18 11:41:55 +0700][ERROR] [2]: PhalconMasterController handler class cannot be loaded

[Sun, 08 Apr 18 11:42:00 +0700][ERROR] [5]: Action 'authen' was not found on handler 'authen'

[Sun, 08 Apr 18 11:42:02 +0700][ERROR] [2]: PhalconMasterController handler class cannot be loaded

[Sun, 08 Apr 18 11:43:21 +0700][ERROR] [5]: Action 'login' was not found on handler 'authen'

[Sun, 08 Apr 18 11:43:33 +0700][ERROR] [5]: Action 'login' was not found on handler 'authen'

[Sun, 08 Apr 18 11:43:34 +0700][ERROR] [2]: PhalconMasterController handler class cannot be loaded

[Sun, 08 Apr 18 11:43:40 +0700][ERROR] [2]: LoginController handler class cannot be loaded

[Sun, 08 Apr 18 11:44:05 +0700][ERROR] [5]: Action 'login' was not found on handler 'authen'

[Sun, 08 Apr 18 11:44:06 +0700][ERROR] [5]: Action 'authen' was not found on handler 'authen'

[Sun, 08 Apr 18 11:44:06 +0700][ERROR] [5]: Action 'authen' was not found on handler 'authen'

[Sun, 08 Apr 18 11:44:07 +0700][ERROR] [5]: Action 'authen' was not found on handler 'authen'

[Sun, 08 Apr 18 11:44:07 +0700][ERROR] [5]: Action 'authen' was not found on handler 'authen'

[Sun, 08 Apr 18 11:44:07 +0700][ERROR] [5]: Action 'authen' was not found on handler 'authen'

[Sun, 08 Apr 18 11:44:10 +0700][ERROR] [5]: Action 'login' was not found on handler 'authen'

[Sun, 08 Apr 18 11:44:12 +0700][ERROR] [5]: Action 'authen' was not found on handler 'authen'

[Sun, 08 Apr 18 11:44:12 +0700][ERROR] [2]: PhalconMasterController handler class cannot be loaded

[Sun, 08 Apr 18 11:44:26 +0700][ERROR] [5]: Action 'authen' was not found on handler 'authen'

[Sun, 08 Apr 18 11:44:27 +0700][ERROR] [5]: Action 'authen' was not found on handler 'authen'

[Sun, 08 Apr 18 11:44:27 +0700][ERROR] [5]: Action 'authen' was not found on handler 'authen'

[Sun, 08 Apr 18 11:44:27 +0700][ERROR] [5]: Action 'authen' was not found on handler 'authen'

[Sun, 08 Apr 18 11:44:28 +0700][ERROR] [5]: Action 'authen' was not found on handler 'authen'

[Sun, 08 Apr 18 11:44:30 +0700][ERROR] [5]: Action 'authen' was not found on handler 'authen'

[Sun, 08 Apr 18 11:44:31 +0700][ERROR] [5]: Action 'authen' was not found on handler 'authen'

[Sun, 08 Apr 18 11:44:33 +0700][ERROR] [2]: PhalconMasterController handler class cannot be loaded

[Sun, 08 Apr 18 11:44:37 +0700][ERROR] [5]: Action 'authen' was not found on handler 'authen'

[Sun, 08 Apr 18 11:44:50 +0700][ERROR] [5]: Action 'authen' was not found on handler 'authen'

[Sun, 08 Apr 18 11:44:51 +0700][ERROR] [2]: PhalconMasterController handler class cannot be loaded

[Sun, 08 Apr 18 11:44:57 +0700][ERROR] [5]: Action 'authen' was not found on handler 'authen'

[Sun, 08 Apr 18 11:44:59 +0700][ERROR] [5]: Action 'authen' was not found on handler 'authen'

[Sun, 08 Apr 18 11:45:01 +0700][ERROR] [5]: Action 'authen' was not found on handler 'authen'

[Sun, 08 Apr 18 11:45:07 +0700][ERROR] [5]: Action 'authen' was not found on handler 'authen'

[Sun, 08 Apr 18 11:45:09 +0700][ERROR] [5]: Action 'authen' was not found on handler 'authen'

[Sun, 08 Apr 18 11:45:11 +0700][ERROR] [5]: Action 'authen' was not found on handler 'authen'

[Sun, 08 Apr 18 11:45:11 +0700][ERROR] [2]: PhalconMasterController handler class cannot be loaded

[Sun, 08 Apr 18 11:45:53 +0700][ERROR] [2]: PhalconMasterController handler class cannot be loaded

[Sun, 08 Apr 18 11:46:09 +0700][ERROR] [5]: Action 'authen' was not found on handler 'authen'

[Sun, 08 Apr 18 11:46:10 +0700][ERROR] [5]: Action 'authen' was not found on handler 'authen'

[Sun, 08 Apr 18 11:46:12 +0700][ERROR] [5]: Action 'authen' was not found on handler 'authen'

[Sun, 08 Apr 18 11:46:13 +0700][ERROR] [2]: PhalconMasterController handler class cannot be loaded

[Sun, 08 Apr 18 11:47:07 +0700][ERROR] [2]: LoginController handler class cannot be loaded

[Sun, 08 Apr 18 11:47:09 +0700][ERROR] [2]: LoginController handler class cannot be loaded

[Sun, 08 Apr 18 11:47:10 +0700][ERROR] [2]: LoginController handler class cannot be loaded

[Sun, 08 Apr 18 11:47:21 +0700][ERROR] [2]: PhalconMasterController handler class cannot be loaded

[Sun, 08 Apr 18 14:02:58 +0700][ERROR] [2]: CssController handler class cannot be loaded

[Sun, 08 Apr 18 19:25:26 +0700][ERROR] [5]: Action 'index' was not found on handler 'edit'

[Sun, 08 Apr 18 20:33:25 +0700][ERROR] [2]: DeleteController handler class cannot be loaded

[Sun, 08 Apr 18 20:33:29 +0700][ERROR] [2]: DeleteController handler class cannot be loaded

[Sun, 08 Apr 18 20:34:11 +0700][ERROR] [2]: DeleteController handler class cannot be loaded

[Sun, 08 Apr 18 20:34:15 +0700][ERROR] [2]: DeleteController handler class cannot be loaded

[Sun, 08 Apr 18 20:34:29 +0700][ERROR] [2]: DeleteController handler class cannot be loaded

[Sun, 08 Apr 18 20:35:07 +0700][ERROR] [2]: DeleteController handler class cannot be loaded

