[Sat, 07 Apr 18 12:15:16 +0700][ERROR] [2]: MainController handler class cannot be loaded

[Sat, 07 Apr 18 12:15:19 +0700][ERROR] [2]: MainController handler class cannot be loaded

[Sat, 07 Apr 18 12:15:20 +0700][ERROR] [2]: MainController handler class cannot be loaded

[Sat, 07 Apr 18 12:15:21 +0700][ERROR] [2]: MainController handler class cannot be loaded

[Sat, 07 Apr 18 12:15:22 +0700][ERROR] [2]: MainController handler class cannot be loaded

[Sat, 07 Apr 18 12:15:22 +0700][ERROR] [2]: MainController handler class cannot be loaded

[Sat, 07 Apr 18 12:15:28 +0700][ERROR] [2]: MainController handler class cannot be loaded

[Sat, 07 Apr 18 12:15:34 +0700][ERROR] [2]: PhalconMasterController handler class cannot be loaded

[Sat, 07 Apr 18 12:15:35 +0700][ERROR] [2]: PhalconMasterController handler class cannot be loaded

[Sat, 07 Apr 18 12:15:39 +0700][ERROR] [2]: PhalconMasterController handler class cannot be loaded

[Sat, 07 Apr 18 12:15:40 +0700][ERROR] [2]: PhalconMasterController handler class cannot be loaded

[Sat, 07 Apr 18 12:15:40 +0700][ERROR] [2]: PhalconMasterController handler class cannot be loaded

[Sat, 07 Apr 18 12:15:40 +0700][ERROR] [2]: PhalconMasterController handler class cannot be loaded

[Sat, 07 Apr 18 12:15:40 +0700][ERROR] [2]: PhalconMasterController handler class cannot be loaded

[Sat, 07 Apr 18 12:15:40 +0700][ERROR] [2]: PhalconMasterController handler class cannot be loaded

[Sat, 07 Apr 18 12:15:40 +0700][ERROR] [2]: PhalconMasterController handler class cannot be loaded

[Sat, 07 Apr 18 12:15:41 +0700][ERROR] [2]: PhalconMasterController handler class cannot be loaded

[Sat, 07 Apr 18 12:15:41 +0700][ERROR] [2]: PhalconMasterController handler class cannot be loaded

[Sat, 07 Apr 18 12:15:41 +0700][ERROR] [2]: PhalconMasterController handler class cannot be loaded

[Sat, 07 Apr 18 12:15:41 +0700][ERROR] [2]: PhalconMasterController handler class cannot be loaded

[Sat, 07 Apr 18 12:15:41 +0700][ERROR] [2]: PhalconMasterController handler class cannot be loaded

[Sat, 07 Apr 18 12:15:42 +0700][ERROR] [2]: PhalconMasterController handler class cannot be loaded

[Sat, 07 Apr 18 12:16:35 +0700][ERROR] [2]: PhalconMasterController handler class cannot be loaded

[Sat, 07 Apr 18 12:16:37 +0700][ERROR] [2]: PhalconMasterController handler class cannot be loaded

[Sat, 07 Apr 18 12:16:39 +0700][ERROR] [2]: PhalconMasterController handler class cannot be loaded

[Sat, 07 Apr 18 12:16:41 +0700][ERROR] [2]: PhalconMasterController handler class cannot be loaded

[Sat, 07 Apr 18 12:18:00 +0700][ERROR] [2]: Leb3Controller handler class cannot be loaded

[Sat, 07 Apr 18 12:18:38 +0700][ERROR] [2]: PhalconMasterController handler class cannot be loaded

[Sat, 07 Apr 18 12:23:58 +0700][ERROR] [5]: Action 'abouts' was not found on handler 'about'

[Sat, 07 Apr 18 12:24:07 +0700][ERROR] [5]: Action 'abouts' was not found on handler 'about'

[Sat, 07 Apr 18 12:24:09 +0700][ERROR] [2]: PhalconMasterController handler class cannot be loaded

[Sat, 07 Apr 18 12:24:49 +0700][ERROR] [2]: PhalconMasterController handler class cannot be loaded

[Sat, 07 Apr 18 12:50:55 +0700][ERROR] [5]: Action 'even' was not found on handler 'even'

[Sat, 07 Apr 18 12:51:00 +0700][ERROR] [2]: PhalconMasterController handler class cannot be loaded

[Sat, 07 Apr 18 12:51:03 +0700][ERROR] [2]: PhalconMasterController handler class cannot be loaded

[Sat, 07 Apr 18 12:51:06 +0700][ERROR] [2]: PhalconMasterController handler class cannot be loaded

[Sat, 07 Apr 18 12:51:07 +0700][ERROR] [5]: Action 'even' was not found on handler 'even'

[Sat, 07 Apr 18 12:51:17 +0700][ERROR] [5]: Action 'even' was not found on handler 'even'

[Sat, 07 Apr 18 12:58:35 +0700][ERROR] [2]: EvenController handler class cannot be loaded

[Sat, 07 Apr 18 12:58:41 +0700][ERROR] [2]: EvenController handler class cannot be loaded

[Sat, 07 Apr 18 12:58:44 +0700][ERROR] [2]: EvenController handler class cannot be loaded

[Sat, 07 Apr 18 12:59:50 +0700][ERROR] [2]: EvenController handler class cannot be loaded

[Sat, 07 Apr 18 12:59:52 +0700][ERROR] [2]: EvenController handler class cannot be loaded

[Sat, 07 Apr 18 13:00:26 +0700][ERROR] [2]: EvenController handler class cannot be loaded

[Sat, 07 Apr 18 13:06:57 +0700][ERROR] [2]: NotevenController handler class cannot be loaded

[Sat, 07 Apr 18 13:07:58 +0700][ERROR] [2]: NotevenController handler class cannot be loaded

[Sat, 07 Apr 18 13:07:59 +0700][ERROR] [2]: NotevenController handler class cannot be loaded

[Sat, 07 Apr 18 13:08:01 +0700][ERROR] [2]: NotevenController handler class cannot be loaded

[Sat, 07 Apr 18 13:12:08 +0700][ERROR] [2]: NotevenController handler class cannot be loaded

[Sat, 07 Apr 18 13:12:10 +0700][ERROR] [2]: NotevenController handler class cannot be loaded

[Sat, 07 Apr 18 13:13:13 +0700][ERROR] [2]: NotevenController handler class cannot be loaded

[Sat, 07 Apr 18 13:13:16 +0700][ERROR] [2]: NotevenController handler class cannot be loaded

[Sat, 07 Apr 18 13:13:18 +0700][ERROR] [2]: NotevenController handler class cannot be loaded

[Sat, 07 Apr 18 13:13:22 +0700][ERROR] [2]: NotevenController handler class cannot be loaded

[Sat, 07 Apr 18 13:14:10 +0700][ERROR] [2]: NotevenController handler class cannot be loaded

[Sat, 07 Apr 18 13:14:17 +0700][ERROR] [2]: NotevenController handler class cannot be loaded

[Sat, 07 Apr 18 13:14:38 +0700][ERROR] [2]: NotevenController handler class cannot be loaded

[Sat, 07 Apr 18 13:14:40 +0700][ERROR] [2]: NotevenController handler class cannot be loaded

[Sat, 07 Apr 18 13:14:42 +0700][ERROR] [2]: NotevenController handler class cannot be loaded

[Sat, 07 Apr 18 13:14:43 +0700][ERROR] [2]: NotevenController handler class cannot be loaded

[Sat, 07 Apr 18 13:14:43 +0700][ERROR] [2]: NotevenController handler class cannot be loaded

[Sat, 07 Apr 18 13:14:43 +0700][ERROR] [2]: NotevenController handler class cannot be loaded

[Sat, 07 Apr 18 13:14:43 +0700][ERROR] [2]: NotevenController handler class cannot be loaded

[Sat, 07 Apr 18 13:14:44 +0700][ERROR] [2]: NotevenController handler class cannot be loaded

[Sat, 07 Apr 18 13:14:45 +0700][ERROR] [2]: NotevenController handler class cannot be loaded

[Sat, 07 Apr 18 13:14:47 +0700][ERROR] [2]: NotevenController handler class cannot be loaded

[Sat, 07 Apr 18 13:14:47 +0700][ERROR] [2]: NotevenController handler class cannot be loaded

[Sat, 07 Apr 18 13:14:47 +0700][ERROR] [2]: NotevenController handler class cannot be loaded

[Sat, 07 Apr 18 13:15:01 +0700][ERROR] [2]: NotevenController handler class cannot be loaded

[Sat, 07 Apr 18 13:15:03 +0700][ERROR] [2]: NotevenController handler class cannot be loaded

[Sat, 07 Apr 18 13:15:04 +0700][ERROR] [2]: NotevenController handler class cannot be loaded

[Sat, 07 Apr 18 13:16:25 +0700][ERROR] [2]: NotevenController handler class cannot be loaded

[Sat, 07 Apr 18 13:17:18 +0700][ERROR] [2]: NotevenController handler class cannot be loaded

[Sat, 07 Apr 18 13:17:21 +0700][ERROR] [2]: NotevenController handler class cannot be loaded

[Sat, 07 Apr 18 13:17:31 +0700][ERROR] [2]: NotevenController handler class cannot be loaded

[Sat, 07 Apr 18 13:19:02 +0700][ERROR] [2]: NotevenController handler class cannot be loaded

[Sat, 07 Apr 18 13:19:04 +0700][ERROR] [2]: NotevenController handler class cannot be loaded

[Sat, 07 Apr 18 13:19:04 +0700][ERROR] [2]: NotevenController handler class cannot be loaded

[Sat, 07 Apr 18 13:19:04 +0700][ERROR] [2]: NotevenController handler class cannot be loaded

[Sat, 07 Apr 18 13:19:05 +0700][ERROR] [2]: NotevenController handler class cannot be loaded

[Sat, 07 Apr 18 13:19:05 +0700][ERROR] [2]: NotevenController handler class cannot be loaded

[Sat, 07 Apr 18 13:21:13 +0700][ERROR] [2]: NotevenController handler class cannot be loaded

[Sat, 07 Apr 18 13:21:15 +0700][ERROR] [2]: NotevenController handler class cannot be loaded

[Sat, 07 Apr 18 13:21:52 +0700][ERROR] [2]: NotevenController handler class cannot be loaded

[Sat, 07 Apr 18 13:21:54 +0700][ERROR] [2]: NotevenController handler class cannot be loaded

[Sat, 07 Apr 18 13:21:57 +0700][ERROR] [2]: NotevenController handler class cannot be loaded

[Sat, 07 Apr 18 13:21:58 +0700][ERROR] [2]: NotevenController handler class cannot be loaded

[Sat, 07 Apr 18 13:21:58 +0700][ERROR] [2]: NotevenController handler class cannot be loaded

[Sat, 07 Apr 18 13:21:58 +0700][ERROR] [2]: NotevenController handler class cannot be loaded

[Sat, 07 Apr 18 13:21:58 +0700][ERROR] [2]: NotevenController handler class cannot be loaded

[Sat, 07 Apr 18 13:23:53 +0700][ERROR] [2]: NotloginController handler class cannot be loaded

[Sat, 07 Apr 18 13:23:56 +0700][ERROR] [2]: NotloginController handler class cannot be loaded

[Sat, 07 Apr 18 13:25:13 +0700][ERROR] [2]: NotController handler class cannot be loaded

[Sat, 07 Apr 18 13:26:40 +0700][ERROR] [2]: NotController handler class cannot be loaded

[Sat, 07 Apr 18 13:26:42 +0700][ERROR] [2]: NotController handler class cannot be loaded

[Sat, 07 Apr 18 13:27:03 +0700][ERROR] [2]: NotController handler class cannot be loaded

[Sat, 07 Apr 18 13:27:04 +0700][ERROR] [2]: NotController handler class cannot be loaded

[Sat, 07 Apr 18 13:27:04 +0700][ERROR] [2]: NotController handler class cannot be loaded

[Sat, 07 Apr 18 13:27:04 +0700][ERROR] [2]: NotController handler class cannot be loaded

[Sat, 07 Apr 18 13:27:46 +0700][ERROR] [2]: NotController handler class cannot be loaded

[Sat, 07 Apr 18 13:27:49 +0700][ERROR] [2]: NotController handler class cannot be loaded

[Sat, 07 Apr 18 13:27:51 +0700][ERROR] [2]: NotController handler class cannot be loaded

[Sat, 07 Apr 18 13:27:51 +0700][ERROR] [2]: NotController handler class cannot be loaded

[Sat, 07 Apr 18 13:27:52 +0700][ERROR] [2]: NotController handler class cannot be loaded

[Sat, 07 Apr 18 13:27:52 +0700][ERROR] [2]: NotController handler class cannot be loaded

[Sat, 07 Apr 18 13:27:52 +0700][ERROR] [2]: NotController handler class cannot be loaded

[Sat, 07 Apr 18 13:27:53 +0700][ERROR] [2]: NotController handler class cannot be loaded

[Sat, 07 Apr 18 13:27:53 +0700][ERROR] [2]: NotController handler class cannot be loaded

[Sat, 07 Apr 18 13:27:53 +0700][ERROR] [2]: NotController handler class cannot be loaded

[Sat, 07 Apr 18 13:27:54 +0700][ERROR] [2]: NotController handler class cannot be loaded

[Sat, 07 Apr 18 13:27:54 +0700][ERROR] [2]: NotController handler class cannot be loaded

[Sat, 07 Apr 18 13:27:54 +0700][ERROR] [2]: NotController handler class cannot be loaded

[Sat, 07 Apr 18 13:27:54 +0700][ERROR] [2]: NotController handler class cannot be loaded

[Sat, 07 Apr 18 13:27:55 +0700][ERROR] [2]: NotController handler class cannot be loaded

[Sat, 07 Apr 18 13:27:55 +0700][ERROR] [2]: NotController handler class cannot be loaded

[Sat, 07 Apr 18 13:27:55 +0700][ERROR] [2]: PhalconMasterController handler class cannot be loaded

[Sat, 07 Apr 18 13:27:58 +0700][ERROR] [2]: NotController handler class cannot be loaded

[Sat, 07 Apr 18 13:27:59 +0700][ERROR] [2]: NotController handler class cannot be loaded

[Sat, 07 Apr 18 13:28:01 +0700][ERROR] [2]: PhalconMasterController handler class cannot be loaded

[Sat, 07 Apr 18 13:32:10 +0700][ERROR] [2]: NoController handler class cannot be loaded

[Sat, 07 Apr 18 13:32:13 +0700][ERROR] [2]: NoController handler class cannot be loaded

[Sat, 07 Apr 18 13:33:22 +0700][ERROR] [2]: NoController handler class cannot be loaded

[Sat, 07 Apr 18 13:34:23 +0700][ERROR] [2]: ProfilesController handler class cannot be loaded

[Sat, 07 Apr 18 13:35:13 +0700][ERROR] [2]: ProfilesController handler class cannot be loaded

[Sat, 07 Apr 18 13:35:14 +0700][ERROR] [2]: NotloginController handler class cannot be loaded

[Sat, 07 Apr 18 16:27:05 +0700][ERROR] [2]: PhpController handler class cannot be loaded

[Sat, 07 Apr 18 16:27:07 +0700][ERROR] [2]: PhalconMasterController handler class cannot be loaded

[Sat, 07 Apr 18 16:27:07 +0700][ERROR] [2]: PhpController handler class cannot be loaded

[Sat, 07 Apr 18 16:27:08 +0700][ERROR] [2]: PhpController handler class cannot be loaded

[Sat, 07 Apr 18 16:27:09 +0700][ERROR] [2]: PhpController handler class cannot be loaded

[Sat, 07 Apr 18 16:27:09 +0700][ERROR] [2]: PhpController handler class cannot be loaded

[Sat, 07 Apr 18 16:27:11 +0700][ERROR] [2]: PhpController handler class cannot be loaded

[Sat, 07 Apr 18 16:27:12 +0700][ERROR] [2]: PhalconMasterController handler class cannot be loaded

[Sat, 07 Apr 18 16:27:12 +0700][ERROR] [2]: PhalconMasterController handler class cannot be loaded

[Sat, 07 Apr 18 16:27:14 +0700][ERROR] [2]: PhpController handler class cannot be loaded

[Sat, 07 Apr 18 16:27:24 +0700][ERROR] [2]: PhalconMasterController handler class cannot be loaded

[Sat, 07 Apr 18 16:27:25 +0700][ERROR] [2]: PhalconMasterController handler class cannot be loaded

[Sat, 07 Apr 18 16:48:45 +0700][ERROR] [2]: RegisController handler class cannot be loaded

[Sat, 07 Apr 18 21:30:25 +0700][ERROR] [5]: Action 'index' was not found on handler 'regis'

