[Mon, 09 Apr 18 08:02:03 +0700][ERROR] [5]: Action 'even' was not found on handler 'authen'

[Mon, 09 Apr 18 08:02:17 +0700][ERROR] [5]: Action 'authen' was not found on handler 'authen'

[Mon, 09 Apr 18 08:02:18 +0700][ERROR] [5]: Action 'even' was not found on handler 'authen'

[Mon, 09 Apr 18 08:02:20 +0700][ERROR] [5]: Action 'authen' was not found on handler 'authen'

[Mon, 09 Apr 18 08:02:20 +0700][ERROR] [5]: Action 'authen' was not found on handler 'authen'

[Mon, 09 Apr 18 08:02:21 +0700][ERROR] [5]: Action 'authen' was not found on handler 'authen'

[Mon, 09 Apr 18 08:02:22 +0700][ERROR] [5]: Action 'authen' was not found on handler 'authen'

[Mon, 09 Apr 18 08:02:24 +0700][ERROR] [5]: Action 'authen' was not found on handler 'authen'

[Mon, 09 Apr 18 08:02:24 +0700][ERROR] [2]: PhalconMasterController handler class cannot be loaded

[Mon, 09 Apr 18 08:02:31 +0700][ERROR] [5]: Action 'even' was not found on handler 'authen'

[Mon, 09 Apr 18 08:02:32 +0700][ERROR] [2]: PhalconMasterController handler class cannot be loaded

[Mon, 09 Apr 18 08:02:40 +0700][ERROR] [5]: Action 'even' was not found on handler 'authen'

[Mon, 09 Apr 18 08:03:56 +0700][ERROR] [5]: Action 'even' was not found on handler 'authen'

[Mon, 09 Apr 18 08:03:58 +0700][ERROR] [2]: PhalconMasterController handler class cannot be loaded

[Mon, 09 Apr 18 08:04:04 +0700][ERROR] [5]: Action 'even' was not found on handler 'authen'

[Mon, 09 Apr 18 08:12:52 +0700][ERROR] [5]: Action 'even' was not found on handler 'authen'

[Mon, 09 Apr 18 08:12:54 +0700][ERROR] [2]: PhalconMasterController handler class cannot be loaded

[Mon, 09 Apr 18 08:13:00 +0700][ERROR] [5]: Action 'about' was not found on handler 'authen'

[Mon, 09 Apr 18 08:13:07 +0700][ERROR] [5]: Action 'about' was not found on handler 'authen'

[Mon, 09 Apr 18 08:13:37 +0700][ERROR] [5]: Action 'about' was not found on handler 'authen'

[Mon, 09 Apr 18 08:13:38 +0700][ERROR] [2]: PhalconMasterController handler class cannot be loaded

[Mon, 09 Apr 18 08:13:42 +0700][ERROR] [5]: Action 'about' was not found on handler 'authen'

[Mon, 09 Apr 18 08:13:47 +0700][ERROR] [2]: PhalconMasterController handler class cannot be loaded

[Mon, 09 Apr 18 08:13:51 +0700][ERROR] [5]: Action 'even' was not found on handler 'authen'

[Mon, 09 Apr 18 08:13:56 +0700][ERROR] [5]: Action 'even' was not found on handler 'authen'

[Mon, 09 Apr 18 08:13:58 +0700][ERROR] [5]: Action 'about' was not found on handler 'authen'

[Mon, 09 Apr 18 08:14:00 +0700][ERROR] [5]: Action 'about' was not found on handler 'authen'

[Mon, 09 Apr 18 08:14:19 +0700][ERROR] [5]: Action 'even' was not found on handler 'authen'

[Mon, 09 Apr 18 08:14:23 +0700][ERROR] [5]: Action 'even' was not found on handler 'authen'

[Mon, 09 Apr 18 08:15:07 +0700][ERROR] [2]: PhalconMasterController handler class cannot be loaded

[Mon, 09 Apr 18 08:15:47 +0700][ERROR] [2]: PhalconMasterController handler class cannot be loaded

[Mon, 09 Apr 18 08:15:54 +0700][ERROR] [2]: PhalconMasterController handler class cannot be loaded

[Mon, 09 Apr 18 08:15:58 +0700][ERROR] [5]: Action 'authen' was not found on handler 'authen'

[Mon, 09 Apr 18 08:16:01 +0700][ERROR] [5]: Action 'authen' was not found on handler 'authen'

[Mon, 09 Apr 18 08:16:01 +0700][ERROR] [5]: Action 'authen' was not found on handler 'authen'

[Mon, 09 Apr 18 08:16:01 +0700][ERROR] [5]: Action 'authen' was not found on handler 'authen'

[Mon, 09 Apr 18 08:16:02 +0700][ERROR] [5]: Action 'authen' was not found on handler 'authen'

[Mon, 09 Apr 18 08:16:02 +0700][ERROR] [2]: PhalconMasterController handler class cannot be loaded

[Mon, 09 Apr 18 08:16:34 +0700][ERROR] [5]: Action 'even' was not found on handler 'authen'

[Mon, 09 Apr 18 08:16:36 +0700][ERROR] [5]: Action 'authen' was not found on handler 'authen'

[Mon, 09 Apr 18 08:16:56 +0700][ERROR] [2]: PhalconMasterController handler class cannot be loaded

[Mon, 09 Apr 18 08:16:59 +0700][ERROR] [5]: Action 'authen' was not found on handler 'authen'

[Mon, 09 Apr 18 08:16:59 +0700][ERROR] [5]: Action 'authen' was not found on handler 'authen'

[Mon, 09 Apr 18 08:16:59 +0700][ERROR] [5]: Action 'authen' was not found on handler 'authen'

[Mon, 09 Apr 18 08:16:59 +0700][ERROR] [5]: Action 'authen' was not found on handler 'authen'

[Mon, 09 Apr 18 08:17:00 +0700][ERROR] [5]: Action 'authen' was not found on handler 'authen'

[Mon, 09 Apr 18 08:17:01 +0700][ERROR] [5]: Action 'authen' was not found on handler 'authen'

[Mon, 09 Apr 18 08:17:01 +0700][ERROR] [5]: Action 'authen' was not found on handler 'authen'

[Mon, 09 Apr 18 08:17:01 +0700][ERROR] [2]: PhalconMasterController handler class cannot be loaded

[Mon, 09 Apr 18 12:46:53 +0700][ERROR] [5]: Action '21270877_1530710186991243_5528054622379658387_n.jpg' was not found on handler 'edit'

[Mon, 09 Apr 18 12:46:56 +0700][ERROR] [5]: Action '21270877_1530710186991243_5528054622379658387_n.jpg' was not found on handler 'edit'

[Mon, 09 Apr 18 12:52:58 +0700][ERROR] [5]: Action '26231130_1941711722755956_3235378138467677792_n.jpg' was not found on handler 'edit'

[Mon, 09 Apr 18 12:53:20 +0700][ERROR] [5]: Action '26231130_1941711722755956_3235378138467677792_n.jpg' was not found on handler 'edit'

[Mon, 09 Apr 18 12:54:41 +0700][ERROR] [5]: Action '20031909_1509684862403166_4529502567594781059_n.jpg' was not found on handler 'edit'

